<?xml version="1.0" encoding="UTF-8"?>
<testng-results ignored="0" total="1" passed="1" failed="0" skipped="0">
  <reporter-output>
  </reporter-output>
  <suite started-at="2022-10-15T18:00:26Z" name="Default suite" finished-at="2022-10-15T18:00:32Z" duration-ms="6476">
    <groups>
    </groups>
    <test started-at="2022-10-15T18:00:26Z" name="Default test" finished-at="2022-10-15T18:00:32Z" duration-ms="6476">
      <class name="login_Module_Validation.Login_Page_Validation">
        <test-method is-config="true" signature="Before_Class_Activity()[pri:0, instance:login_Module_Validation.Login_Page_Validation@6cb6decd]" started-at="2022-10-15T18:00:26Z" name="Before_Class_Activity" finished-at="2022-10-15T18:00:32Z" duration-ms="5704" status="PASS">
          <reporter-output>
          </reporter-output>
        </test-method> <!-- Before_Class_Activity -->
        <test-method signature="Login_Test()[pri:0, instance:login_Module_Validation.Login_Page_Validation@6cb6decd]" started-at="2022-10-15T18:00:32Z" name="Login_Test" finished-at="2022-10-15T18:00:32Z" duration-ms="154" status="PASS">
          <reporter-output>
          </reporter-output>
        </test-method> <!-- Login_Test -->
        <test-method is-config="true" signature="After_Class_Activity()[pri:0, instance:login_Module_Validation.Login_Page_Validation@6cb6decd]" started-at="2022-10-15T18:00:32Z" name="After_Class_Activity" finished-at="2022-10-15T18:00:32Z" duration-ms="606" status="PASS">
          <reporter-output>
          </reporter-output>
        </test-method> <!-- After_Class_Activity -->
      </class> <!-- login_Module_Validation.Login_Page_Validation -->
    </test> <!-- Default test -->
  </suite> <!-- Default suite -->
</testng-results>
